{
  message: '🛢🛢Database is connected successfull',
  level: 'info',
  label: 'UniTrack',
  timestamp: '2023-06-11T05:35:11.995Z'
}
{
  message: 'Application listening on port 5000',
  level: 'info',
  label: 'UniTrack',
  timestamp: '2023-06-11T05:35:12.022Z'
}
{
  message: '🛢🛢Database is connected successfull',
  level: 'info',
  label: 'UniTrack',
  timestamp: '2023-06-11T05:39:35.200Z'
}
{
  message: 'Application listening on port 5000',
  level: 'info',
  label: 'UniTrack',
  timestamp: '2023-06-11T05:39:35.212Z'
}
{
  message: '🛢🛢Database is connected successfull',
  level: 'info',
  label: 'UniTrack',
  timestamp: '2023-06-11T05:40:00.971Z'
}
{
  message: 'Application listening on port 5000',
  level: 'info',
  label: 'UniTrack',
  timestamp: '2023-06-11T05:40:00.985Z'
}
{
  message: '🛢🛢Database is connected successfull',
  level: 'info',
  label: 'UniTrack',
  timestamp: '2023-06-11T05:40:53.046Z'
}
{
  message: 'Application listening on port 5000',
  level: 'info',
  label: 'UniTrack',
  timestamp: '2023-06-11T05:40:53.059Z'
}
{
  message: '🛢🛢Database is connected successfull',
  level: 'info',
  label: 'UniTrack',
  timestamp: '2023-06-11T05:41:39.582Z'
}
{
  message: 'Application listening on port 5000',
  level: 'info',
  label: 'UniTrack',
  timestamp: '2023-06-11T05:41:39.592Z'
}
{
  message: '🛢🛢Database is connected successfull',
  level: 'info',
  label: 'UniTrack',
  timestamp: '2023-06-11T05:42:09.921Z'
}
{
  message: 'Application listening on port 5000',
  level: 'info',
  label: 'UniTrack',
  timestamp: '2023-06-11T05:42:09.932Z'
}
{
  message: '🛢🛢Database is connected successfull',
  level: 'info',
  label: 'UniTrack',
  timestamp: '2023-06-11T05:42:34.893Z'
}
{
  message: 'Application listening on port 5000',
  level: 'info',
  label: 'UniTrack',
  timestamp: '2023-06-11T05:42:34.906Z'
}
{
  message: '🛢🛢Database is connected successfull',
  level: 'info',
  label: 'UniTrack',
  timestamp: '2023-06-11T05:47:13.221Z'
}
{
  message: 'Application listening on port 5000',
  level: 'info',
  label: 'UniTrack',
  timestamp: '2023-06-11T05:47:13.235Z'
}
{
  message: '🛢🛢Database is connected successfull',
  level: 'info',
  label: 'UniTrack',
  timestamp: '2023-06-11T05:48:48.949Z'
}
{
  message: 'Application listening on port 5000',
  level: 'info',
  label: 'UniTrack',
  timestamp: '2023-06-11T05:48:48.961Z'
}
{
  message: '🛢🛢Database is connected successfull',
  level: 'info',
  label: 'UniTrack',
  timestamp: '2023-06-11T05:49:39.569Z'
}
{
  message: 'Application listening on port 5000',
  level: 'info',
  label: 'UniTrack',
  timestamp: '2023-06-11T05:49:39.595Z'
}
{
  message: '🛢🛢Database is connected successfull',
  level: 'info',
  label: 'UniTrack',
  timestamp: '2023-06-11T05:53:43.739Z'
}
{
  message: 'Application listening on port 5000',
  level: 'info',
  label: 'UniTrack',
  timestamp: '2023-06-11T05:53:43.757Z'
}
{
  message: '🛢🛢Database is connected successfull',
  level: 'info',
  label: 'UniTrack',
  timestamp: '2023-06-11T05:59:36.637Z'
}
{
  message: 'Application listening on port 5000',
  level: 'info',
  label: 'UniTrack',
  timestamp: '2023-06-11T05:59:36.652Z'
}
{
  message: '🛢🛢Database is connected successfull',
  level: 'info',
  label: 'UniTrack',
  timestamp: '2023-06-11T05:59:47.546Z'
}
{
  message: 'Application listening on port 5000',
  level: 'info',
  label: 'UniTrack',
  timestamp: '2023-06-11T05:59:47.558Z'
}
