{
  message: '🛢🛢Database is connected successfull',
  level: 'info',
  label: 'UniTrack',
  timestamp: '2023-07-13T14:27:00.563Z'
}
{
  message: 'Application listening on port 5000',
  level: 'info',
  label: 'UniTrack',
  timestamp: '2023-07-13T14:27:00.598Z'
}
{
  message: '🛢🛢Database is connected successfull',
  level: 'info',
  label: 'UniTrack',
  timestamp: '2023-07-13T14:35:41.722Z'
}
{
  message: 'Application listening on port 5000',
  level: 'info',
  label: 'UniTrack',
  timestamp: '2023-07-13T14:35:41.751Z'
}
{
  message: '🛢🛢Database is connected successfull',
  level: 'info',
  label: 'UniTrack',
  timestamp: '2023-07-13T14:48:14.264Z'
}
{
  message: 'Application listening on port 5000',
  level: 'info',
  label: 'UniTrack',
  timestamp: '2023-07-13T14:48:14.294Z'
}
{
  message: '🛢🛢Database is connected successfull',
  level: 'info',
  label: 'UniTrack',
  timestamp: '2023-07-13T14:48:52.004Z'
}
{
  message: 'Application listening on port 5000',
  level: 'info',
  label: 'UniTrack',
  timestamp: '2023-07-13T14:48:52.044Z'
}
