{
  message: 'Database is connected successfull',
  level: 'info',
  label: 'UniTrack',
  timestamp: '2023-06-08T04:07:51.534Z'
}
{
  message: 'Application listening on port 5000',
  level: 'info',
  label: 'UniTrack',
  timestamp: '2023-06-08T04:07:51.563Z'
}
{
  message: 'Database is connected successfull',
  level: 'info',
  label: 'UniTrack',
  timestamp: '2023-06-08T04:15:43.953Z'
}
{
  message: 'Application listening on port 5000',
  level: 'info',
  label: 'UniTrack',
  timestamp: '2023-06-08T04:15:43.964Z'
}
{
  message: 'Database is connected successfull',
  level: 'info',
  label: 'UniTrack',
  timestamp: '2023-06-08T04:16:23.112Z'
}
{
  message: 'Application listening on port 5000',
  level: 'info',
  label: 'UniTrack',
  timestamp: '2023-06-08T04:16:23.124Z'
}
{
  message: 'Database is connected successfull',
  level: 'info',
  label: 'UniTrack',
  timestamp: '2023-06-08T04:16:48.153Z'
}
{
  message: 'Application listening on port 5000',
  level: 'info',
  label: 'UniTrack',
  timestamp: '2023-06-08T04:16:48.165Z'
}
{
  message: 'Database is connected successfull',
  level: 'info',
  label: 'UniTrack',
  timestamp: '2023-06-08T04:17:24.402Z'
}
{
  message: 'Application listening on port 5000',
  level: 'info',
  label: 'UniTrack',
  timestamp: '2023-06-08T04:17:24.416Z'
}
{
  message: 'Database is connected successfull',
  level: 'info',
  label: 'UniTrack',
  timestamp: '2023-06-08T04:19:54.296Z'
}
{
  message: 'Application listening on port 5000',
  level: 'info',
  label: 'UniTrack',
  timestamp: '2023-06-08T04:19:54.371Z'
}
{
  message: 'Database is connected successfull',
  level: 'info',
  label: 'UniTrack',
  timestamp: '2023-06-08T04:20:06.777Z'
}
{
  message: 'Application listening on port 5000',
  level: 'info',
  label: 'UniTrack',
  timestamp: '2023-06-08T04:20:06.788Z'
}
{
  message: 'Database is connected successfull',
  level: 'info',
  label: 'UniTrack',
  timestamp: '2023-06-08T04:20:18.896Z'
}
{
  message: 'Application listening on port 5000',
  level: 'info',
  label: 'UniTrack',
  timestamp: '2023-06-08T04:20:18.913Z'
}
{
  message: 'Database is connected successfull',
  level: 'info',
  label: 'UniTrack',
  timestamp: '2023-06-08T04:21:38.811Z'
}
{
  message: 'Application listening on port 5000',
  level: 'info',
  label: 'UniTrack',
  timestamp: '2023-06-08T04:21:38.825Z'
}
{
  message: 'Database is connected successfull',
  level: 'info',
  label: 'UniTrack',
  timestamp: '2023-06-08T04:22:54.856Z'
}
{
  message: 'Application listening on port 5000',
  level: 'info',
  label: 'UniTrack',
  timestamp: '2023-06-08T04:22:54.869Z'
}
{
  message: 'Database is connected successfull',
  level: 'info',
  label: 'UniTrack',
  timestamp: '2023-06-08T04:24:09.746Z'
}
{
  message: 'Application listening on port 5000',
  level: 'info',
  label: 'UniTrack',
  timestamp: '2023-06-08T04:24:09.759Z'
}
{
  message: 'Database is connected successfull',
  level: 'info',
  label: 'UniTrack',
  timestamp: '2023-06-08T04:26:13.418Z'
}
{
  message: 'Application listening on port 5000',
  level: 'info',
  label: 'UniTrack',
  timestamp: '2023-06-08T04:26:13.439Z'
}
{
  message: 'Database is connected successfull',
  level: 'info',
  label: 'UniTrack',
  timestamp: '2023-06-08T04:26:58.222Z'
}
{
  message: 'Application listening on port 5000',
  level: 'info',
  label: 'UniTrack',
  timestamp: '2023-06-08T04:26:58.245Z'
}
{
  message: 'Database is connected successfull',
  level: 'info',
  label: 'UniTrack',
  timestamp: '2023-06-08T04:59:35.267Z'
}
{
  message: 'Application listening on port 5000',
  level: 'info',
  label: 'UniTrack',
  timestamp: '2023-06-08T04:59:35.289Z'
}
