{
  message: 'Database is connected successfull',
  level: 'info',
  label: 'UniTrack',
  timestamp: '2023-06-08T05:01:02.261Z'
}
{
  message: 'Application listening on port 5000',
  level: 'info',
  label: 'UniTrack',
  timestamp: '2023-06-08T05:01:02.276Z'
}
{
  message: 'Database is connected successfull',
  level: 'info',
  label: 'UniTrack',
  timestamp: '2023-06-08T05:02:21.043Z'
}
{
  message: 'Application listening on port 5000',
  level: 'info',
  label: 'UniTrack',
  timestamp: '2023-06-08T05:02:21.054Z'
}
{
  message: 'Database is connected successfull',
  level: 'info',
  label: 'UniTrack',
  timestamp: '2023-06-08T05:02:51.259Z'
}
{
  message: 'Application listening on port 5000',
  level: 'info',
  label: 'UniTrack',
  timestamp: '2023-06-08T05:02:51.271Z'
}
{
  message: 'Database is connected successfull',
  level: 'info',
  label: 'UniTrack',
  timestamp: '2023-06-08T05:07:04.438Z'
}
{
  message: 'Application listening on port 5000',
  level: 'info',
  label: 'UniTrack',
  timestamp: '2023-06-08T05:07:04.452Z'
}
