{
  message: '🛢🛢Database is connected successfull',
  level: 'info',
  label: 'UniTrack',
  timestamp: '2023-12-03T13:24:55.561Z'
}
{
  message: 'Application listening on port 3001',
  level: 'info',
  label: 'UniTrack',
  timestamp: '2023-12-03T13:24:55.609Z'
}
{
  message: '🛢🛢Database is connected successfull',
  level: 'info',
  label: 'UniTrack',
  timestamp: '2023-12-03T13:26:48.548Z'
}
{
  message: 'Application listening on port 3001',
  level: 'info',
  label: 'UniTrack',
  timestamp: '2023-12-03T13:26:48.566Z'
}
