{
  message: '🛢🛢Database is connected successfull',
  level: 'info',
  label: 'UniTrack',
  timestamp: '2023-07-12T10:02:35.014Z'
}
{
  message: 'Application listening on port 5000',
  level: 'info',
  label: 'UniTrack',
  timestamp: '2023-07-12T10:02:35.139Z'
}
{
  message: '🛢🛢Database is connected successfull',
  level: 'info',
  label: 'UniTrack',
  timestamp: '2023-07-12T10:33:42.105Z'
}
{
  message: 'Application listening on port 5000',
  level: 'info',
  label: 'UniTrack',
  timestamp: '2023-07-12T10:33:42.157Z'
}
