{
  message: '🛢🛢Database is connected successfull',
  level: 'info',
  label: 'UniTrack',
  timestamp: '2023-12-29T14:37:25.681Z'
}
{
  message: 'Application listening on port 3001',
  level: 'info',
  label: 'UniTrack',
  timestamp: '2023-12-29T14:37:25.719Z'
}
{
  message: '🛢🛢Database is connected successfull',
  level: 'info',
  label: 'UniTrack',
  timestamp: '2023-12-29T14:42:14.679Z'
}
{
  message: 'Application listening on port 3001',
  level: 'info',
  label: 'UniTrack',
  timestamp: '2023-12-29T14:42:14.732Z'
}
{
  message: '🛢🛢Database is connected successfull',
  level: 'info',
  label: 'UniTrack',
  timestamp: '2023-12-29T14:42:28.902Z'
}
{
  message: 'Application listening on port 3001',
  level: 'info',
  label: 'UniTrack',
  timestamp: '2023-12-29T14:42:28.927Z'
}
{
  message: '🛢🛢Database is connected successfull',
  level: 'info',
  label: 'UniTrack',
  timestamp: '2023-12-29T14:49:54.822Z'
}
{
  message: 'Application listening on port 3001',
  level: 'info',
  label: 'UniTrack',
  timestamp: '2023-12-29T14:49:54.848Z'
}
{
  message: '🛢🛢Database is connected successfull',
  level: 'info',
  label: 'UniTrack',
  timestamp: '2023-12-29T14:58:17.427Z'
}
{
  message: 'Application listening on port 3001',
  level: 'info',
  label: 'UniTrack',
  timestamp: '2023-12-29T14:58:17.448Z'
}
{
  message: '🛢🛢Database is connected successfull',
  level: 'info',
  label: 'UniTrack',
  timestamp: '2023-12-29T14:59:13.598Z'
}
{
  message: 'Application listening on port 3001',
  level: 'info',
  label: 'UniTrack',
  timestamp: '2023-12-29T14:59:13.625Z'
}
