{
  message: 'Database is connected successfull',
  level: 'info',
  label: 'UniTrack',
  timestamp: '2023-06-07T07:07:22.720Z'
}
{
  message: 'Application listening on port 5000',
  level: 'info',
  label: 'UniTrack',
  timestamp: '2023-06-07T07:07:22.734Z'
}
{
  message: 'Database is connected successfull',
  level: 'info',
  label: 'UniTrack',
  timestamp: '2023-06-07T07:08:43.314Z'
}
{
  message: 'Application listening on port 5000',
  level: 'info',
  label: 'UniTrack',
  timestamp: '2023-06-07T07:08:43.329Z'
}
{
  message: 'Database is connected successfull',
  level: 'info',
  label: 'UniTrack',
  timestamp: '2023-06-07T07:11:33.794Z'
}
{
  message: 'Application listening on port 5000',
  level: 'info',
  label: 'UniTrack',
  timestamp: '2023-06-07T07:11:33.820Z'
}
{
  message: 'Database is connected successfull',
  level: 'info',
  label: 'UniTrack',
  timestamp: '2023-06-07T07:13:02.090Z'
}
{
  message: 'Application listening on port 5000',
  level: 'info',
  label: 'UniTrack',
  timestamp: '2023-06-07T07:13:02.104Z'
}
{
  message: 'Database is connected successfull',
  level: 'info',
  label: 'UniTrack',
  timestamp: '2023-06-07T07:14:13.358Z'
}
{
  message: 'Application listening on port 5000',
  level: 'info',
  label: 'UniTrack',
  timestamp: '2023-06-07T07:14:13.374Z'
}
{
  message: 'Database is connected successfull',
  level: 'info',
  label: 'UniTrack',
  timestamp: '2023-06-07T07:14:29.871Z'
}
{
  message: 'Application listening on port 5000',
  level: 'info',
  label: 'UniTrack',
  timestamp: '2023-06-07T07:14:29.885Z'
}
{
  message: 'Database is connected successfull',
  level: 'info',
  label: 'UniTrack',
  timestamp: '2023-06-07T07:25:44.216Z'
}
{
  message: 'Application listening on port 5000',
  level: 'info',
  label: 'UniTrack',
  timestamp: '2023-06-07T07:25:44.233Z'
}
{
  message: 'Database is connected successfull',
  level: 'info',
  label: 'UniTrack',
  timestamp: '2023-06-07T07:30:56.829Z'
}
{
  message: 'Application listening on port 5000',
  level: 'info',
  label: 'UniTrack',
  timestamp: '2023-06-07T07:30:56.842Z'
}
{
  message: 'Database is connected successfull',
  level: 'info',
  label: 'UniTrack',
  timestamp: '2023-06-07T07:40:08.596Z'
}
{
  message: 'Application listening on port 5000',
  level: 'info',
  label: 'UniTrack',
  timestamp: '2023-06-07T07:40:08.611Z'
}
{
  message: 'Database is connected successfull',
  level: 'info',
  label: 'UniTrack',
  timestamp: '2023-06-07T07:43:02.676Z'
}
{
  message: 'Application listening on port 5000',
  level: 'info',
  label: 'UniTrack',
  timestamp: '2023-06-07T07:43:02.690Z'
}
{
  message: 'Database is connected successfull',
  level: 'info',
  label: 'UniTrack',
  timestamp: '2023-06-07T07:49:07.839Z'
}
{
  message: 'Application listening on port 5000',
  level: 'info',
  label: 'UniTrack',
  timestamp: '2023-06-07T07:49:07.853Z'
}
