{
  message: 'Database is connected successfull',
  level: 'info',
  label: 'UniTrack',
  timestamp: '2023-06-07T06:42:01.436Z'
}
{
  message: 'Application listening on port 5000',
  level: 'info',
  label: 'UniTrack',
  timestamp: '2023-06-07T06:42:01.459Z'
}
{
  message: 'Database is connected successfull',
  level: 'info',
  label: 'UniTrack',
  timestamp: '2023-06-07T06:47:43.370Z'
}
{
  message: 'Application listening on port 5000',
  level: 'info',
  label: 'UniTrack',
  timestamp: '2023-06-07T06:47:43.385Z'
}
{
  message: 'Database is connected successfull',
  level: 'info',
  label: 'UniTrack',
  timestamp: '2023-06-07T06:47:56.562Z'
}
{
  message: 'Application listening on port 5000',
  level: 'info',
  label: 'UniTrack',
  timestamp: '2023-06-07T06:47:56.574Z'
}
{
  message: 'Database is connected successfull',
  level: 'info',
  label: 'UniTrack',
  timestamp: '2023-06-07T06:53:13.414Z'
}
{
  message: 'Application listening on port 5000',
  level: 'info',
  label: 'UniTrack',
  timestamp: '2023-06-07T06:53:13.429Z'
}
{
  message: 'Database is connected successfull',
  level: 'info',
  label: 'UniTrack',
  timestamp: '2023-06-07T06:59:26.993Z'
}
{
  message: 'Application listening on port 5000',
  level: 'info',
  label: 'UniTrack',
  timestamp: '2023-06-07T06:59:27.007Z'
}
