{
  message: '🛢🛢Database is connected successfull',
  level: 'info',
  label: 'UniTrack',
  timestamp: '2023-12-29T15:04:45.760Z'
}
{
  message: 'Application listening on port 3001',
  level: 'info',
  label: 'UniTrack',
  timestamp: '2023-12-29T15:04:45.787Z'
}
{
  message: '🛢🛢Database is connected successfull',
  level: 'info',
  label: 'UniTrack',
  timestamp: '2023-12-29T15:05:18.056Z'
}
{
  message: 'Application listening on port 3001',
  level: 'info',
  label: 'UniTrack',
  timestamp: '2023-12-29T15:05:18.094Z'
}
{
  message: '🛢🛢Database is connected successfull',
  level: 'info',
  label: 'UniTrack',
  timestamp: '2023-12-29T15:05:31.285Z'
}
{
  message: 'Application listening on port 3001',
  level: 'info',
  label: 'UniTrack',
  timestamp: '2023-12-29T15:05:31.297Z'
}
{
  message: '🛢🛢Database is connected successfull',
  level: 'info',
  label: 'UniTrack',
  timestamp: '2023-12-29T15:05:38.135Z'
}
{
  message: 'Application listening on port 3001',
  level: 'info',
  label: 'UniTrack',
  timestamp: '2023-12-29T15:05:38.153Z'
}
{
  message: '🛢🛢Database is connected successfull',
  level: 'info',
  label: 'UniTrack',
  timestamp: '2023-12-29T15:14:03.522Z'
}
{
  message: 'Application listening on port 3001',
  level: 'info',
  label: 'UniTrack',
  timestamp: '2023-12-29T15:14:03.584Z'
}
{
  message: '🛢🛢Database is connected successfull',
  level: 'info',
  label: 'UniTrack',
  timestamp: '2023-12-29T15:14:17.233Z'
}
{
  message: 'Application listening on port 3001',
  level: 'info',
  label: 'UniTrack',
  timestamp: '2023-12-29T15:14:17.245Z'
}
{
  message: '🛢🛢Database is connected successfull',
  level: 'info',
  label: 'UniTrack',
  timestamp: '2023-12-29T15:14:37.624Z'
}
{
  message: 'Application listening on port 3001',
  level: 'info',
  label: 'UniTrack',
  timestamp: '2023-12-29T15:14:37.641Z'
}
{
  message: '🛢🛢Database is connected successfull',
  level: 'info',
  label: 'UniTrack',
  timestamp: '2023-12-29T15:21:42.792Z'
}
{
  message: 'Application listening on port 3001',
  level: 'info',
  label: 'UniTrack',
  timestamp: '2023-12-29T15:21:42.809Z'
}
