{
  message: '🛢🛢Database is connected successfull',
  level: 'info',
  label: 'UniTrack',
  timestamp: '2023-06-25T09:41:18.642Z'
}
{
  message: 'Application listening on port 5000',
  level: 'info',
  label: 'UniTrack',
  timestamp: '2023-06-25T09:41:18.674Z'
}
{
  message: '🛢🛢Database is connected successfull',
  level: 'info',
  label: 'UniTrack',
  timestamp: '2023-06-25T09:42:52.409Z'
}
{
  message: 'Application listening on port 5000',
  level: 'info',
  label: 'UniTrack',
  timestamp: '2023-06-25T09:42:52.422Z'
}
{
  message: '🛢🛢Database is connected successfull',
  level: 'info',
  label: 'UniTrack',
  timestamp: '2023-06-25T09:43:20.471Z'
}
{
  message: 'Application listening on port 5000',
  level: 'info',
  label: 'UniTrack',
  timestamp: '2023-06-25T09:43:20.483Z'
}
{
  message: '🛢🛢Database is connected successfull',
  level: 'info',
  label: 'UniTrack',
  timestamp: '2023-06-25T09:45:09.834Z'
}
{
  message: 'Application listening on port 5000',
  level: 'info',
  label: 'UniTrack',
  timestamp: '2023-06-25T09:45:09.848Z'
}
{
  message: '🛢🛢Database is connected successfull',
  level: 'info',
  label: 'UniTrack',
  timestamp: '2023-06-25T09:46:25.273Z'
}
{
  message: 'Application listening on port 5000',
  level: 'info',
  label: 'UniTrack',
  timestamp: '2023-06-25T09:46:25.288Z'
}
