{
  message: '🛢🛢Database is connected successfull',
  level: 'info',
  label: 'UniTrack',
  timestamp: '2023-07-02T09:09:02.026Z'
}
{
  message: 'Application listening on port 5000',
  level: 'info',
  label: 'UniTrack',
  timestamp: '2023-07-02T09:09:02.043Z'
}
{
  message: '🛢🛢Database is connected successfull',
  level: 'info',
  label: 'UniTrack',
  timestamp: '2023-07-02T09:09:42.184Z'
}
{
  message: 'Application listening on port 5000',
  level: 'info',
  label: 'UniTrack',
  timestamp: '2023-07-02T09:09:42.200Z'
}
